   1: 
   2: 
   3: # En hyggelig hilsen
   4: navn = "Dag"
Scanner: name token on line 4: navn
Scanner: = token on line 4
Scanner: string literal token on line 4: "Dag"
Scanner: NEWLINE token on line 4
   5: print("Hei,", navn)
Scanner: name token on line 5: print
Scanner: ( token on line 5
Scanner: string literal token on line 5: "Hei,"
Scanner: , token on line 5
Scanner: name token on line 5: navn
Scanner: ) token on line 5
Scanner: NEWLINE token on line 5
   6: 
   7: 
Scanner: E-o-f token
Scanner: NEWLINE token
